ECM, stopped at ~10% stage1
[Main thread Dec 7 17:05] Mersenne number primality test program version 30.7
[Main thread Dec 7 17:05] Optimizing for CPU architecture: AMD Zen, L2 cache size: 12x512 KB, L3 cache size: 4x16 MB
[Main thread Dec 7 17:05] Starting worker.
[Work thread Dec 7 17:05] Worker starting
[Work thread Dec 7 17:05] Setting affinity to run worker on CPU core #2
[Work thread Dec 7 17:05] 
[Work thread Dec 7 17:05] Using FMA3 FFT length 640
[Work thread Dec 7 17:05] 0.172 bits-per-word below FFT limit (more than 0.509 allows extra optimizations)
[Work thread Dec 7 17:05] ECM on M14009: curve #1 with s=2079734188444047, B1=2000000, B2=TBD
[Work thread Dec 7 17:05] M14009 curve 1 stage 1 at prime 37529 [1.87%]. Time: 0.618 sec.
[Work thread Dec 7 17:05] M14009 curve 1 stage 1 at prime 76471 [3.82%]. Time: 0.615 sec.
[Work thread Dec 7 17:05] M14009 curve 1 stage 1 at prime 115321 [5.76%]. Time: 0.619 sec.
[Work thread Dec 7 17:05] M14009 curve 1 stage 1 at prime 153841 [7.69%]. Time: 0.615 sec.
[Work thread Dec 7 17:05] M14009 curve 1 stage 1 at prime 192743 [9.63%]. Time: 0.617 sec.
[Work thread Dec 7 17:05] M14009 curve 1 stage 1 at prime 231269 [11.56%]. Time: 0.620 sec.
[Main thread Dec 7 17:05] Stopping all worker windows.
[Work thread Dec 7 17:05] Worker stopped.
[Main thread Dec 7 17:05] Execution halted.
[Main thread Dec 7 17:05] Choose Test/Continue to restart.
